[debug] [2023-01-09T15:55:18.860Z] ----------------------------------------------------------------------
[debug] [2023-01-09T15:55:18.865Z] Command:       C:\Program Files\nodejs\node.exe C:\Users\Alex Guttman\AppData\Roaming\npm\node_modules\firebase-tools\lib\bin\firebase.js init
[debug] [2023-01-09T15:55:18.866Z] CLI Version:   11.20.0
[debug] [2023-01-09T15:55:18.866Z] Platform:      win32
[debug] [2023-01-09T15:55:18.867Z] Node Version:  v16.14.0
[debug] [2023-01-09T15:55:18.869Z] Time:          Mon Jan 09 2023 21:25:18 GMT+0530 (India Standard Time)
[debug] [2023-01-09T15:55:18.869Z] ----------------------------------------------------------------------
[debug] 
[debug] [2023-01-09T15:55:18.887Z] > command requires scopes: ["email","openid","https://www.googleapis.com/auth/cloudplatformprojects.readonly","https://www.googleapis.com/auth/firebase","https://www.googleapis.com/auth/cloud-platform"]
[debug] [2023-01-09T15:55:18.888Z] > authorizing via signed-in user (diveshkumarsingaria@gmail.com)
[info] 
     ######## #### ########  ######## ########     ###     ######  ########
     ##        ##  ##     ## ##       ##     ##  ##   ##  ##       ##
     ######    ##  ########  ######   ########  #########  ######  ######
     ##        ##  ##    ##  ##       ##     ## ##     ##       ## ##
     ##       #### ##     ## ######## ########  ##     ##  ######  ########

You're about to initialize a Firebase project in this directory:

  D:\ReactApp\instagram

[info] 
=== Account Setup
[info] 
[info] Which account do you want to use for this project? Choose an account or add a new one now
[info] 
[debug] [2023-01-09T15:55:38.123Z] setProjectAccount(D:\ReactApp\instagram, diveshkumarsingariya@gmail.com)
[info] 
[info] +  Using account: diveshkumarsingariya@gmail.com 
[info] 
=== Project Setup
[info] 
[info] First, let's associate this project directory with a Firebase project.
[info] You can create multiple project aliases by running firebase use --add, 
[info] but for now we'll just set up a default project.
[info] 
[debug] [2023-01-09T15:55:40.463Z] > refreshing access token with scopes: []
[debug] [2023-01-09T15:55:40.469Z] >>> [apiv2][query] POST https://www.googleapis.com/oauth2/v3/token [none]
[debug] [2023-01-09T15:55:40.469Z] >>> [apiv2][body] POST https://www.googleapis.com/oauth2/v3/token [omitted]
[debug] [2023-01-09T15:55:40.961Z] <<< [apiv2][status] POST https://www.googleapis.com/oauth2/v3/token 200
[debug] [2023-01-09T15:55:40.962Z] <<< [apiv2][body] POST https://www.googleapis.com/oauth2/v3/token [omitted]
[debug] [2023-01-09T15:55:41.075Z] >>> [apiv2][query] GET https://firebase.googleapis.com/v1beta1/projects pageSize=100
[debug] [2023-01-09T15:55:42.047Z] <<< [apiv2][status] GET https://firebase.googleapis.com/v1beta1/projects 200
[debug] [2023-01-09T15:55:42.047Z] <<< [apiv2][body] GET https://firebase.googleapis.com/v1beta1/projects [omitted]
[info] i  Using project instagram-clone-bf3fa (instagram-clone) 
[info] 
=== Hosting Setup
[info] 
[info] Your public directory is the folder (relative to your project directory) that
[info] will contain Hosting assets to be uploaded with firebase deploy. If you
[info] have a build process for your assets, use your build's output directory.
[info] 
